  model_format_conversion.cpp
D:\Yu_Tencent\Handicap\model_format_conversion\model_format_conversion\model_format_conversion.cpp(7,10): warning C4067: unexpected tokens following preprocessor directive - expected a newline
D:\Yu_Tencent\Handicap\model_format_conversion\model_format_conversion\include\vcglib-main\wrap\io_trimesh\export_obj.h(152,1): warning C4267: 'initializing': conversion from 'size_t' to 'int', possible loss of data
D:\Yu_Tencent\Handicap\model_format_conversion\model_format_conversion\include\vcglib-main\wrap\io_trimesh\export_obj.h(128,1): message : while compiling class template member function 'int vcg::tri::io::ExporterOBJ<MyMesh>::Save(SaveMeshType &,const char *,int,bool,vcg::CallBackPos (__cdecl *))'
          with
          [
              SaveMeshType=MyMesh
          ]
D:\Yu_Tencent\Handicap\model_format_conversion\model_format_conversion\include\vcglib-main\wrap\io_trimesh\export_obj.h(119,5): message : see reference to function template instantiation 'int vcg::tri::io::ExporterOBJ<MyMesh>::Save(SaveMeshType &,const char *,int,bool,vcg::CallBackPos (__cdecl *))' being compiled
          with
          [
              SaveMeshType=MyMesh
          ]
D:\Yu_Tencent\Handicap\model_format_conversion\model_format_conversion\model_format_conversion.cpp(63,53): message : see reference to class template instantiation 'vcg::tri::io::ExporterOBJ<MyMesh>' being compiled
D:\Yu_Tencent\Handicap\model_format_conversion\model_format_conversion\include\vcglib-main\wrap\io_trimesh\import_ply.h(623,1): warning C4267: 'argument': conversion from 'size_t' to 'int', possible loss of data
D:\Yu_Tencent\Handicap\model_format_conversion\model_format_conversion\include\vcglib-main\wrap\io_trimesh\import_ply.h(378,1): message : while compiling class template member function 'int vcg::tri::io::ImporterPLY<MyMesh>::Open(OpenMeshType &,const char *,vcg::tri::io::PlyInfo &)'
          with
          [
              OpenMeshType=MyMesh
          ]
D:\Yu_Tencent\Handicap\model_format_conversion\model_format_conversion\include\vcglib-main\wrap\io_trimesh\import_ply.h(359,3): message : see reference to function template instantiation 'int vcg::tri::io::ImporterPLY<MyMesh>::Open(OpenMeshType &,const char *,vcg::tri::io::PlyInfo &)' being compiled
          with
          [
              OpenMeshType=MyMesh
          ]
D:\Yu_Tencent\Handicap\model_format_conversion\model_format_conversion\model_format_conversion.cpp(43,57): message : see reference to class template instantiation 'vcg::tri::io::ImporterPLY<MyMesh>' being compiled
D:\Yu_Tencent\Handicap\model_format_conversion\model_format_conversion\include\vcglib-main\wrap\io_trimesh\import_ply.h(625,1): warning C4267: 'argument': conversion from 'size_t' to 'int', possible loss of data
D:\Yu_Tencent\Handicap\model_format_conversion\model_format_conversion\include\vcglib-main\wrap\io_trimesh\import_ply.h(627,1): warning C4267: 'argument': conversion from 'size_t' to 'int', possible loss of data
D:\Yu_Tencent\Handicap\model_format_conversion\model_format_conversion\include\vcglib-main\wrap\io_trimesh\import_ply.h(677,1): warning C4267: 'argument': conversion from 'size_t' to 'int', possible loss of data
D:\Yu_Tencent\Handicap\model_format_conversion\model_format_conversion\include\vcglib-main\wrap\io_trimesh\import_ply.h(681,1): warning C4267: 'argument': conversion from 'size_t' to 'int', possible loss of data
D:\Yu_Tencent\Handicap\model_format_conversion\model_format_conversion\include\vcglib-main\wrap\io_trimesh\import_ply.h(744,1): warning C4267: 'argument': conversion from 'size_t' to 'int', possible loss of data
D:\Yu_Tencent\Handicap\model_format_conversion\model_format_conversion\include\vcglib-main\wrap\io_trimesh\import_ply.h(748,1): warning C4267: 'argument': conversion from 'size_t' to 'int', possible loss of data
D:\Yu_Tencent\Handicap\model_format_conversion\model_format_conversion\include\vcglib-main\wrap\io_trimesh\import_ply.h(767,1): warning C4267: 'argument': conversion from 'size_t' to 'int', possible loss of data
D:\Yu_Tencent\Handicap\model_format_conversion\model_format_conversion\include\vcglib-main\wrap\io_trimesh\import_ply.h(772,1): warning C4267: 'argument': conversion from 'size_t' to 'int', possible loss of data
D:\Yu_Tencent\Handicap\model_format_conversion\model_format_conversion\include\vcglib-main\wrap\io_trimesh\import_ply.h(929,5): warning C4267: 'argument': conversion from 'size_t' to 'int', possible loss of data
D:\Yu_Tencent\Handicap\model_format_conversion\model_format_conversion\include\vcglib-main\wrap\io_trimesh\import_ply.h(932,1): warning C4267: 'argument': conversion from 'size_t' to 'int', possible loss of data
D:\Yu_Tencent\Handicap\model_format_conversion\model_format_conversion\include\vcglib-main\wrap\io_trimesh\import_ply.h(967,1): warning C4267: 'argument': conversion from 'size_t' to 'int', possible loss of data
D:\Yu_Tencent\Handicap\model_format_conversion\model_format_conversion\include\vcglib-main\wrap\io_trimesh\import_ply.h(993,1): warning C4267: 'argument': conversion from 'size_t' to 'int', possible loss of data
D:\Yu_Tencent\Handicap\model_format_conversion\model_format_conversion\include\vcglib-main\wrap\io_trimesh\import_ply.h(1017,1): warning C4267: 'argument': conversion from 'size_t' to 'int', possible loss of data
D:\Yu_Tencent\Handicap\model_format_conversion\model_format_conversion\include\vcglib-main\wrap\io_trimesh\import_ply.h(1018,1): warning C4267: 'argument': conversion from 'size_t' to 'int', possible loss of data
D:\Yu_Tencent\Handicap\model_format_conversion\model_format_conversion\include\vcglib-main\wrap\io_trimesh\export_obj.h(391,1): warning C4267: 'argument': conversion from 'size_t' to 'const int', possible loss of data
D:\Yu_Tencent\Handicap\model_format_conversion\model_format_conversion\include\vcglib-main\wrap\io_trimesh\export_obj.h(374,1): message : while compiling class template member function 'int vcg::tri::io::ExporterOBJ<MyMesh>::WriteMaterials(std::vector<vcg::tri::io::Material,std::allocator<vcg::tri::io::Material>> &,const char *,vcg::CallBackPos (__cdecl *))'
D:\Yu_Tencent\Handicap\model_format_conversion\model_format_conversion\include\vcglib-main\wrap\io_trimesh\export_obj.h(288,40): message : see reference to function template instantiation 'int vcg::tri::io::ExporterOBJ<MyMesh>::WriteMaterials(std::vector<vcg::tri::io::Material,std::allocator<vcg::tri::io::Material>> &,const char *,vcg::CallBackPos (__cdecl *))' being compiled
D:\Yu_Tencent\Handicap\model_format_conversion\model_format_conversion\include\vcglib-main\vcg\complex\algorithms\refine_loop.h(555,1): warning C4267: 'initializing': conversion from 'size_t' to 'int', possible loss of data
D:\Yu_Tencent\Handicap\model_format_conversion\model_format_conversion\include\vcglib-main\vcg\complex\algorithms\refine_loop.h(544,1): message : see reference to function template instantiation 'bool vcg::tri::RefineOddEvenE<MESH_TYPE,ODD_VERT,EVEN_VERT,vcg::tri::EdgeLen<MESH_TYPE,float>>(MESH_TYPE &,ODD_VERT,EVEN_VERT,PREDICATE,bool,vcg::CallBackPos (__cdecl *),vcg::CallBackPos (__cdecl *))' being compiled
          with
          [
              MESH_TYPE=MyMesh,
              ODD_VERT=vcg::tri::OddPointLoop<MyMesh>,
              EVEN_VERT=vcg::tri::EvenPointLoop<MyMesh>,
              PREDICATE=vcg::tri::EdgeLen<MyMesh,float>
          ]
D:\Yu_Tencent\Handicap\model_format_conversion\model_format_conversion\model_format_conversion.cpp(55,187): message : see reference to function template instantiation 'bool vcg::tri::RefineOddEven<MyMesh,vcg::tri::OddPointLoop<MyMesh>,vcg::tri::EvenPointLoop<MyMesh>>(MESH_TYPE &,ODD_VERT,EVEN_VERT,float,bool,vcg::CallBackPos (__cdecl *),vcg::CallBackPos (__cdecl *))' being compiled
          with
          [
              MESH_TYPE=MyMesh,
              ODD_VERT=vcg::tri::OddPointLoop<MyMesh>,
              EVEN_VERT=vcg::tri::EvenPointLoop<MyMesh>
          ]
D:\Yu_Tencent\Handicap\model_format_conversion\model_format_conversion\include\vcglib-main\vcg\complex\algorithms\refine_loop.h(493,39): warning C4244: 'argument': conversion from 'double' to 'float', possible loss of data
D:\Yu_Tencent\Handicap\model_format_conversion\model_format_conversion\include\vcglib-main\vcg\complex\algorithms\refine_loop.h(444,1): message : while compiling class template member function 'void vcg::tri::EvenPointLoopGeneric<MESH_TYPE,vcg::tri::Centroid<MESH_TYPE,float>,vcg::tri::LoopWeight<float>>::operator ()(std::pair<vcg::Point3<float>,vcg::Point3<float>> &,vcg::face::Pos<MyFace>)'
          with
          [
              MESH_TYPE=MyMesh
          ]
D:\Yu_Tencent\Handicap\model_format_conversion\model_format_conversion\include\vcglib-main\vcg\complex\algorithms\refine_loop.h(599,21): message : see reference to function template instantiation 'void vcg::tri::EvenPointLoopGeneric<MESH_TYPE,vcg::tri::Centroid<MESH_TYPE,float>,vcg::tri::LoopWeight<float>>::operator ()(std::pair<vcg::Point3<float>,vcg::Point3<float>> &,vcg::face::Pos<MyFace>)' being compiled
          with
          [
              MESH_TYPE=MyMesh
          ]
D:\Yu_Tencent\Handicap\model_format_conversion\model_format_conversion\include\vcglib-main\vcg\complex\algorithms\refine_loop.h(538,1): message : see reference to class template instantiation 'vcg::tri::EvenPointLoopGeneric<MESH_TYPE,vcg::tri::Centroid<MESH_TYPE,float>,vcg::tri::LoopWeight<float>>' being compiled
          with
          [
              MESH_TYPE=MyMesh
          ]
D:\Yu_Tencent\Handicap\model_format_conversion\model_format_conversion\model_format_conversion.cpp(55,183): message : see reference to class template instantiation 'vcg::tri::EvenPointLoop<MyMesh>' being compiled
D:\Yu_Tencent\Handicap\model_format_conversion\model_format_conversion\include\vcglib-main\vcg\complex\algorithms\refine_loop.h(68,18): warning C4244: 'return': conversion from 'double' to 'SCALAR_TYPE', possible loss of data
          with
          [
              SCALAR_TYPE=float
          ]
D:\Yu_Tencent\Handicap\model_format_conversion\model_format_conversion\include\vcglib-main\vcg\complex\algorithms\refine_loop.h(67,1): message : while compiling class template member function 'SCALAR_TYPE vcg::tri::LoopWeight<SCALAR_TYPE>::beta(int)'
          with
          [
              SCALAR_TYPE=float
          ]
D:\Yu_Tencent\Handicap\model_format_conversion\model_format_conversion\include\vcglib-main\vcg\complex\algorithms\refine_loop.h(491,49): message : see reference to function template instantiation 'SCALAR_TYPE vcg::tri::LoopWeight<SCALAR_TYPE>::beta(int)' being compiled
          with
          [
              SCALAR_TYPE=float
          ]
D:\Yu_Tencent\Handicap\model_format_conversion\model_format_conversion\include\vcglib-main\vcg\complex\algorithms\refine_loop.h(352,1): message : see reference to class template instantiation 'vcg::tri::LoopWeight<float>' being compiled
D:\Yu_Tencent\Handicap\model_format_conversion\model_format_conversion\include\vcglib-main\vcg\complex\algorithms\refine_loop.h(532,1): message : see reference to class template instantiation 'vcg::tri::OddPointLoopGeneric<MESH_TYPE,vcg::tri::Centroid<MESH_TYPE,float>,vcg::tri::LoopWeight<float>>' being compiled
          with
          [
              MESH_TYPE=MyMesh
          ]
D:\Yu_Tencent\Handicap\model_format_conversion\model_format_conversion\model_format_conversion.cpp(55,148): message : see reference to class template instantiation 'vcg::tri::OddPointLoop<MyMesh>' being compiled
  Generating code
  1 of 2441 functions (<0.1%) were compiled, the rest were copied from previous compilation.
    0 functions were new in current compilation
    5 functions had inline decision re-evaluated but remain unchanged
  Finished generating code
  model_format_conversion.vcxproj -> D:\Yu_Tencent\Handicap\model_format_conversion\x64\Release\model_format_conversion.exe
